No errors on assembly of 'c:\users\adamsi\documents\stm8s\mapping.asm'
No errors on assembly of 'c:\users\adamsi\documents\stm8s\mapping.asm'
No errors on assembly of 'c:\users\adamsi\documents\stm8s\main.asm'
No errors on assembly of 'c:\users\adamsi\documents\stm8s\main.asm'
No errors on assembly of 'c:\users\adamsi\documents\stm8s\mapping.asm'
No errors on assembly of 'c:\users\adamsi\documents\stm8s\mapping.asm'
c:\users\adamsi\documents\stm8s\main.asm(3): as1 : Error 56: unrecognised opcode ' #include? "mapping.inc"'

c:\users\adamsi\documents\stm8s\main.asm(42): as1 : Fatal 4: Illegal Source EOF 'EOF'

c:\users\adamsi\documents\stm8s\main.asm(3): as1 : Error 56: unrecognised opcode ' #include? "mapping.inc"'

c:\users\adamsi\documents\stm8s\main.asm(42): as1 : Fatal 4: Illegal Source EOF 'EOF'

No errors on assembly of 'c:\users\adamsi\documents\stm8s\mapping.asm'
No errors on assembly of 'c:\users\adamsi\documents\stm8s\mapping.asm'

c:\users\adamsi\documents\stm8s\main.asm(43): as1 : Fatal 4: Illegal Source EOF 'EOF'


c:\users\adamsi\documents\stm8s\main.asm(43): as1 : Fatal 4: Illegal Source EOF 'EOF'

No errors on assembly of 'c:\users\adamsi\documents\stm8s\mapping.asm'
No errors on assembly of 'c:\users\adamsi\documents\stm8s\mapping.asm'

c:\users\adamsi\documents\stm8s\main.asm(43): as1 : Fatal 4: Illegal Source EOF 'EOF'


c:\users\adamsi\documents\stm8s\main.asm(43): as1 : Fatal 4: Illegal Source EOF 'EOF'

No errors on assembly of 'c:\users\adamsi\documents\stm8s\mapping.asm'
No errors on assembly of 'c:\users\adamsi\documents\stm8s\mapping.asm'
No errors on assembly of 'c:\users\adamsi\documents\stm8s\main.asm'
No errors on assembly of 'c:\users\adamsi\documents\stm8s\main.asm'
No errors on assembly of 'c:\users\adamsi\documents\stm8s\mapping.asm'
No errors on assembly of 'c:\users\adamsi\documents\stm8s\mapping.asm'
No errors on assembly of 'c:\users\adamsi\documents\stm8s\main.asm'
No errors on assembly of 'c:\users\adamsi\documents\stm8s\main.asm'
No errors on assembly of 'c:\users\adamsi\documents\stm8s\mapping.asm'
No errors on assembly of 'c:\users\adamsi\documents\stm8s\mapping.asm'
No errors on assembly of 'c:\users\adamsi\documents\stm8s\main.asm'
No errors on assembly of 'c:\users\adamsi\documents\stm8s\main.asm'
No errors on assembly of 'c:\users\adamsi\documents\stm8s\mapping.asm'
No errors on assembly of 'c:\users\adamsi\documents\stm8s\main.asm'
No errors on assembly of 'c:\users\adamsi\documents\stm8s\mapping.asm'
No errors on assembly of 'c:\users\adamsi\documents\stm8s\mapping.asm'
No errors on assembly of 'c:\users\adamsi\documents\stm8s\main.asm'
No errors on assembly of 'c:\users\adamsi\documents\stm8s\main.asm'
No errors on assembly of 'c:\users\adamsi\documents\stm8s\mapping.asm'
No errors on assembly of 'c:\users\adamsi\documents\stm8s\mapping.asm'

c:\users\adamsi\documents\stm8s\main.asm(69): as1 : Fatal 4: Illegal Source EOF 'EOF'


c:\users\adamsi\documents\stm8s\main.asm(69): as1 : Fatal 4: Illegal Source EOF 'EOF'

No errors on assembly of 'c:\users\adamsi\documents\stm8s\mapping.asm'
No errors on assembly of 'c:\users\adamsi\documents\stm8s\mapping.asm'
No errors on assembly of 'c:\users\adamsi\documents\stm8s\main.asm'
No errors on assembly of 'c:\users\adamsi\documents\stm8s\main.asm'
No errors on assembly of 'c:\users\adamsi\documents\stm8s\mapping.asm'
No errors on assembly of 'c:\users\adamsi\documents\stm8s\mapping.asm'
No errors on assembly of 'c:\users\adamsi\documents\stm8s\main.asm'
No errors on assembly of 'c:\users\adamsi\documents\stm8s\main.asm'
No errors on assembly of 'c:\users\adamsi\documents\stm8s\mapping.asm'
No errors on assembly of 'c:\users\adamsi\documents\stm8s\mapping.asm'
No errors on assembly of 'c:\users\adamsi\documents\stm8s\main.asm'
No errors on assembly of 'c:\users\adamsi\documents\stm8s\main.asm'
No errors on assembly of 'c:\users\adamsi\documents\stm8s\mapping.asm'
No errors on assembly of 'c:\users\adamsi\documents\stm8s\mapping.asm'
No errors on assembly of 'c:\users\adamsi\documents\stm8s\main.asm'
No errors on assembly of 'c:\users\adamsi\documents\stm8s\main.asm'
No errors on assembly of 'c:\users\adamsi\documents\stm8s\mapping.asm'
No errors on assembly of 'c:\users\adamsi\documents\stm8s\mapping.asm'
No errors on assembly of 'c:\users\adamsi\documents\stm8s\main.asm'
No errors on assembly of 'c:\users\adamsi\documents\stm8s\main.asm'
No errors on assembly of 'c:\users\adamsi\documents\stm8s\mapping.asm'
No errors on assembly of 'c:\users\adamsi\documents\stm8s\mapping.asm'
No errors on assembly of 'c:\users\adamsi\documents\stm8s\main.asm'
No errors on assembly of 'c:\users\adamsi\documents\stm8s\main.asm'
No errors on assembly of 'c:\users\adamsi\documents\stm8s\mapping.asm'
No errors on assembly of 'c:\users\adamsi\documents\stm8s\mapping.asm'
No errors on assembly of 'c:\users\adamsi\documents\stm8s\main.asm'
No errors on assembly of 'c:\users\adamsi\documents\stm8s\main.asm'
No errors on assembly of 'c:\users\adamsi\documents\stm8s\mapping.asm'
No errors on assembly of 'c:\users\adamsi\documents\stm8s\mapping.asm'
No errors on assembly of 'c:\users\adamsi\documents\stm8s\main.asm'
c:\users\adamsi\documents\stm8s\main.asm(46): as2 : Error 46: Illegal undefined label 'UART2_CR1,#0 '
c:\users\adamsi\documents\stm8s\main.asm(47): as2 : Error 46: Illegal undefined label 'UART2_CR2,#0 '
c:\users\adamsi\documents\stm8s\main.asm(48): as2 : Error 46: Illegal undefined label 'UART2_CR3,#0'
3 errors on assembly of 'c:\users\adamsi\documents\stm8s\main.asm'
No errors on assembly of 'c:\users\adamsi\documents\stm8s\mapping.asm'
No errors on assembly of 'c:\users\adamsi\documents\stm8s\mapping.asm'
No errors on assembly of 'c:\users\adamsi\documents\stm8s\main.asm'
No errors on assembly of 'c:\users\adamsi\documents\stm8s\main.asm'
No errors on assembly of 'c:\users\adamsi\documents\stm8s\mapping.asm'
No errors on assembly of 'c:\users\adamsi\documents\stm8s\mapping.asm'
No errors on assembly of 'c:\users\adamsi\documents\stm8s\main.asm'
No errors on assembly of 'c:\users\adamsi\documents\stm8s\main.asm'
No errors on assembly of 'c:\users\adamsi\documents\stm8s\mapping.asm'
No errors on assembly of 'c:\users\adamsi\documents\stm8s\mapping.asm'
c:\users\adamsi\documents\stm8s\main.asm(55): as1 : Error 56: unrecognised opcode '		''break point'' nop'
c:\users\adamsi\documents\stm8s\main.asm(59): as1 : Error 56: unrecognised opcode '		''break point'' nop'
2 errors on assembly of 'c:\users\adamsi\documents\stm8s\main.asm'
c:\users\adamsi\documents\stm8s\main.asm(55): as1 : Error 56: unrecognised opcode '		''break point'' nop'
c:\users\adamsi\documents\stm8s\main.asm(59): as1 : Error 56: unrecognised opcode '		''break point'' nop'
2 errors on assembly of 'c:\users\adamsi\documents\stm8s\main.asm'
No errors on assembly of 'c:\users\adamsi\documents\stm8s\main.asm'
No errors on assembly of 'c:\users\adamsi\documents\stm8s\main.asm'
No errors on assembly of 'c:\users\adamsi\documents\stm8s\main.asm'
No errors on assembly of 'c:\users\adamsi\documents\stm8s\mapping.asm'
No errors on assembly of 'c:\users\adamsi\documents\stm8s\mapping.asm'
No errors on assembly of 'c:\users\adamsi\documents\stm8s\main.asm'
No errors on assembly of 'c:\users\adamsi\documents\stm8s\main.asm'
No errors on assembly of 'c:\users\adamsi\documents\stm8s\mapping.asm'
No errors on assembly of 'c:\users\adamsi\documents\stm8s\mapping.asm'
No errors on assembly of 'c:\users\adamsi\documents\stm8s\main.asm'
No errors on assembly of 'c:\users\adamsi\documents\stm8s\main.asm'
No errors on assembly of 'c:\users\adamsi\documents\stm8s\main.asm'
No errors on assembly of 'c:\users\adamsi\documents\stm8s\main.asm'
No errors on assembly of 'c:\users\adamsi\documents\stm8s\main.asm'
No errors on assembly of 'c:\users\adamsi\documents\stm8s\mapping.asm'
No errors on assembly of 'c:\users\adamsi\documents\stm8s\mapping.asm'
No errors on assembly of 'c:\users\adamsi\documents\stm8s\main.asm'
No errors on assembly of 'c:\users\adamsi\documents\stm8s\main.asm'
No errors on assembly of 'c:\users\adamsi\documents\stm8s\mapping.asm'
No errors on assembly of 'c:\users\adamsi\documents\stm8s\mapping.asm'
No errors on assembly of 'c:\users\adamsi\documents\stm8s\main.asm'
No errors on assembly of 'c:\users\adamsi\documents\stm8s\main.asm'
No errors on assembly of 'c:\users\adamsi\documents\stm8s\main.asm'
No errors on assembly of 'c:\users\adamsi\documents\stm8s\main.asm'
No errors on assembly of 'c:\users\adamsi\documents\stm8s\main.asm'
No errors on assembly of 'c:\users\adamsi\documents\stm8s\main.asm'
No errors on assembly of 'c:\users\adamsi\documents\stm8s\main.asm'
No errors on assembly of 'c:\users\adamsi\documents\stm8s\main.asm'
No errors on assembly of 'c:\users\adamsi\documents\stm8s\main.asm'
No errors on assembly of 'c:\users\adamsi\documents\stm8s\main.asm'
No errors on assembly of 'c:\users\adamsi\documents\stm8s\main.asm'
c:\users\adamsi\documents\stm8s\main.asm(55): as1 : Error 54: Can't match Addressing mode '	 ldf X,#$5240'
1 error on assembly of 'c:\users\adamsi\documents\stm8s\main.asm'
c:\users\adamsi\documents\stm8s\main.asm(55): as1 : Error 54: Can't match Addressing mode '	 ldf X,#$5240'
1 error on assembly of 'c:\users\adamsi\documents\stm8s\main.asm'
c:\users\adamsi\documents\stm8s\main.asm(55): as1 : Error 54: Can't match Addressing mode '	 ldf X,#$5240'
1 error on assembly of 'c:\users\adamsi\documents\stm8s\main.asm'
No errors on assembly of 'c:\users\adamsi\documents\stm8s\main.asm'
No errors on assembly of 'c:\users\adamsi\documents\stm8s\main.asm'
No errors on assembly of 'c:\users\adamsi\documents\stm8s\main.asm'
No errors on assembly of 'c:\users\adamsi\documents\stm8s\main.asm'
No errors on assembly of 'c:\users\adamsi\documents\stm8s\main.asm'
No errors on assembly of 'c:\users\adamsi\documents\stm8s\main.asm'
No errors on assembly of 'c:\users\adamsi\documents\stm8s\main.asm'
No errors on assembly of 'c:\users\adamsi\documents\stm8s\main.asm'
No errors on assembly of 'c:\users\adamsi\documents\stm8s\main.asm'
No errors on assembly of 'c:\users\adamsi\documents\stm8s\main.asm'
No errors on assembly of 'c:\users\adamsi\documents\stm8s\main.asm'
No errors on assembly of 'c:\users\adamsi\documents\stm8s\main.asm'
No errors on assembly of 'c:\users\adamsi\documents\stm8s\main.asm'
No errors on assembly of 'c:\users\adamsi\documents\stm8s\main.asm'
No errors on assembly of 'c:\users\adamsi\documents\stm8s\main.asm'
No errors on assembly of 'c:\users\adamsi\documents\stm8s\main.asm'
No errors on assembly of 'c:\users\adamsi\documents\stm8s\main.asm'
No errors on assembly of 'c:\users\adamsi\documents\stm8s\main.asm'
No errors on assembly of 'c:\users\adamsi\documents\stm8s\main.asm'
No errors on assembly of 'c:\users\adamsi\documents\stm8s\main.asm'
No errors on assembly of 'c:\users\adamsi\documents\stm8s\main.asm'
No errors on assembly of 'c:\users\adamsi\documents\stm8s\main.asm'
No errors on assembly of 'c:\users\adamsi\documents\stm8s\main.asm'
No errors on assembly of 'c:\users\adamsi\documents\stm8s\main.asm'
No errors on assembly of 'c:\users\adamsi\documents\stm8s\main.asm'
No errors on assembly of 'c:\users\adamsi\documents\stm8s\main.asm'
No errors on assembly of 'c:\users\adamsi\documents\stm8s\main.asm'
No errors on assembly of 'c:\users\adamsi\documents\stm8s\main.asm'
No errors on assembly of 'c:\users\adamsi\documents\stm8s\main.asm'
No errors on assembly of 'c:\users\adamsi\documents\stm8s\main.asm'
No errors on assembly of 'c:\users\adamsi\documents\stm8s\main.asm'
No errors on assembly of 'c:\users\adamsi\documents\stm8s\main.asm'
No errors on assembly of 'c:\users\adamsi\documents\stm8s\main.asm'
No errors on assembly of 'c:\users\adamsi\documents\stm8s\mapping.asm'
No errors on assembly of 'c:\users\adamsi\documents\stm8s\mapping.asm'
No errors on assembly of 'c:\users\adamsi\documents\stm8s\main.asm'
c:\users\adamsi\documents\stm8s\main.asm(58): as2 : Error 46: Illegal undefined label 'UART2_D, #$65'
1 error on assembly of 'c:\users\adamsi\documents\stm8s\main.asm'
No errors on assembly of 'c:\users\adamsi\documents\stm8s\mapping.asm'
No errors on assembly of 'c:\users\adamsi\documents\stm8s\mapping.asm'
No errors on assembly of 'c:\users\adamsi\documents\stm8s\main.asm'
c:\users\adamsi\documents\stm8s\main.asm(58): as2 : Error 46: Illegal undefined label 'UART2_D, #$65'
1 error on assembly of 'c:\users\adamsi\documents\stm8s\main.asm'
No errors on assembly of 'c:\users\adamsi\documents\stm8s\mapping.asm'
No errors on assembly of 'c:\users\adamsi\documents\stm8s\mapping.asm'
No errors on assembly of 'c:\users\adamsi\documents\stm8s\main.asm'
No errors on assembly of 'c:\users\adamsi\documents\stm8s\main.asm'
No errors on assembly of 'c:\users\adamsi\documents\stm8s\mapping.asm'
No errors on assembly of 'c:\users\adamsi\documents\stm8s\mapping.asm'
c:\users\adamsi\documents\stm8s\main.asm(21): as1 : Error 56: unrecognised opcode 'STRING NAPIS "Marcin to gej", 0'
c:\users\adamsi\documents\stm8s\main.asm(56): as1 : Error 54: Can't match Addressing mode '		mov X, '
2 errors on assembly of 'c:\users\adamsi\documents\stm8s\main.asm'
c:\users\adamsi\documents\stm8s\main.asm(21): as1 : Error 56: unrecognised opcode 'STRING NAPIS "Marcin to gej", 0'
c:\users\adamsi\documents\stm8s\main.asm(56): as1 : Error 54: Can't match Addressing mode '		mov X, '
2 errors on assembly of 'c:\users\adamsi\documents\stm8s\main.asm'
No errors on assembly of 'c:\users\adamsi\documents\stm8s\mapping.asm'
No errors on assembly of 'c:\users\adamsi\documents\stm8s\mapping.asm'
c:\users\adamsi\documents\stm8s\main.asm(21): as1 : Error 56: unrecognised opcode 'STRING NAPIS "Marcin to gej", 0'
c:\users\adamsi\documents\stm8s\main.asm(56): as1 : Error 54: Can't match Addressing mode '		mov X, NAPIS'
2 errors on assembly of 'c:\users\adamsi\documents\stm8s\main.asm'
c:\users\adamsi\documents\stm8s\main.asm(21): as1 : Error 56: unrecognised opcode 'STRING NAPIS "Marcin to gej", 0'
c:\users\adamsi\documents\stm8s\main.asm(56): as1 : Error 54: Can't match Addressing mode '		mov X, NAPIS'
c:\users\adamsi\documents\stm8s\main.asm(56): as2 : Error 46: Illegal undefined label 'NAPIS'
3 errors on assembly of 'c:\users\adamsi\documents\stm8s\main.asm'
No errors on assembly of 'c:\users\adamsi\documents\stm8s\mapping.asm'
No errors on assembly of 'c:\users\adamsi\documents\stm8s\mapping.asm'
c:\users\adamsi\documents\stm8s\main.asm(21): as1 : Error 56: unrecognised opcode 'dc.b NAPIS "Marcin to gej", 0'
c:\users\adamsi\documents\stm8s\main.asm(56): as1 : Error 54: Can't match Addressing mode '		mov X, NAPIS'
2 errors on assembly of 'c:\users\adamsi\documents\stm8s\main.asm'
c:\users\adamsi\documents\stm8s\main.asm(21): as1 : Error 56: unrecognised opcode 'dc.b NAPIS "Marcin to gej", 0'
c:\users\adamsi\documents\stm8s\main.asm(56): as1 : Error 54: Can't match Addressing mode '		mov X, NAPIS'
c:\users\adamsi\documents\stm8s\main.asm(56): as2 : Error 46: Illegal undefined label 'NAPIS'
3 errors on assembly of 'c:\users\adamsi\documents\stm8s\main.asm'
No errors on assembly of 'c:\users\adamsi\documents\stm8s\mapping.asm'
No errors on assembly of 'c:\users\adamsi\documents\stm8s\mapping.asm'
c:\users\adamsi\documents\stm8s\main.asm(56): as1 : Error 54: Can't match Addressing mode '		mov X, NAPIS'
1 error on assembly of 'c:\users\adamsi\documents\stm8s\main.asm'
c:\users\adamsi\documents\stm8s\main.asm(56): as1 : Error 54: Can't match Addressing mode '		mov X, NAPIS'
c:\users\adamsi\documents\stm8s\main.asm(56): as2 : Error 46: Illegal undefined label 'NAPIS'
2 errors on assembly of 'c:\users\adamsi\documents\stm8s\main.asm'
No errors on assembly of 'c:\users\adamsi\documents\stm8s\mapping.asm'
No errors on assembly of 'c:\users\adamsi\documents\stm8s\mapping.asm'
No errors on assembly of 'c:\users\adamsi\documents\stm8s\main.asm'
No errors on assembly of 'c:\users\adamsi\documents\stm8s\main.asm'
No errors on assembly of 'c:\users\adamsi\documents\stm8s\mapping.asm'
No errors on assembly of 'c:\users\adamsi\documents\stm8s\mapping.asm'
c:\users\adamsi\documents\stm8s\main.asm(55): as1 : Error 54: Can't match Addressing mode '		mov X, napis'
1 error on assembly of 'c:\users\adamsi\documents\stm8s\main.asm'
c:\users\adamsi\documents\stm8s\main.asm(55): as1 : Error 54: Can't match Addressing mode '		mov X, napis'
1 error on assembly of 'c:\users\adamsi\documents\stm8s\main.asm'
No errors on assembly of 'c:\users\adamsi\documents\stm8s\mapping.asm'
No errors on assembly of 'c:\users\adamsi\documents\stm8s\mapping.asm'
c:\users\adamsi\documents\stm8s\main.asm(55): as1 : Error 54: Can't match Addressing mode '		mov X, #napis'
1 error on assembly of 'c:\users\adamsi\documents\stm8s\main.asm'
c:\users\adamsi\documents\stm8s\main.asm(55): as1 : Error 54: Can't match Addressing mode '		mov X, #napis'
1 error on assembly of 'c:\users\adamsi\documents\stm8s\main.asm'
No errors on assembly of 'c:\users\adamsi\documents\stm8s\mapping.asm'
No errors on assembly of 'c:\users\adamsi\documents\stm8s\mapping.asm'
c:\users\adamsi\documents\stm8s\main.asm(55): as1 : Error 54: Can't match Addressing mode '		mov X, #napis'
1 error on assembly of 'c:\users\adamsi\documents\stm8s\main.asm'
c:\users\adamsi\documents\stm8s\main.asm(55): as1 : Error 54: Can't match Addressing mode '		mov X, #napis'
1 error on assembly of 'c:\users\adamsi\documents\stm8s\main.asm'
No errors on assembly of 'c:\users\adamsi\documents\stm8s\mapping.asm'
No errors on assembly of 'c:\users\adamsi\documents\stm8s\mapping.asm'
c:\users\adamsi\documents\stm8s\main.asm(58): as1 : Error 54: Can't match Addressing mode '		mov X, #napis'
1 error on assembly of 'c:\users\adamsi\documents\stm8s\main.asm'
c:\users\adamsi\documents\stm8s\main.asm(58): as1 : Error 54: Can't match Addressing mode '		mov X, #napis'
1 error on assembly of 'c:\users\adamsi\documents\stm8s\main.asm'
No errors on assembly of 'c:\users\adamsi\documents\stm8s\mapping.asm'
No errors on assembly of 'c:\users\adamsi\documents\stm8s\mapping.asm'
c:\users\adamsi\documents\stm8s\main.asm(58): as1 : Error 54: Can't match Addressing mode '		ld a, #napis'
c:\users\adamsi\documents\stm8s\main.asm(59): as1 : Error 54: Can't match Addressing mode '		ld x, #len_napis'
2 errors on assembly of 'c:\users\adamsi\documents\stm8s\main.asm'
c:\users\adamsi\documents\stm8s\main.asm(58): as1 : Error 54: Can't match Addressing mode '		ld a, #napis'
c:\users\adamsi\documents\stm8s\main.asm(59): as1 : Error 54: Can't match Addressing mode '		ld x, #len_napis'
2 errors on assembly of 'c:\users\adamsi\documents\stm8s\main.asm'
No errors on assembly of 'c:\users\adamsi\documents\stm8s\mapping.asm'
No errors on assembly of 'c:\users\adamsi\documents\stm8s\mapping.asm'
c:\users\adamsi\documents\stm8s\main.asm(58): as1 : Error 54: Can't match Addressing mode '		ld a, #napis'
c:\users\adamsi\documents\stm8s\main.asm(59): as1 : Error 54: Can't match Addressing mode '		ld x, #len_napis'
2 errors on assembly of 'c:\users\adamsi\documents\stm8s\main.asm'
c:\users\adamsi\documents\stm8s\main.asm(58): as1 : Error 54: Can't match Addressing mode '		ld a, #napis'
c:\users\adamsi\documents\stm8s\main.asm(59): as1 : Error 54: Can't match Addressing mode '		ld x, #len_napis'
2 errors on assembly of 'c:\users\adamsi\documents\stm8s\main.asm'
No errors on assembly of 'c:\users\adamsi\documents\stm8s\mapping.asm'
No errors on assembly of 'c:\users\adamsi\documents\stm8s\mapping.asm'

c:\users\adamsi\documents\stm8s\main.asm(24): as1 : Fatal 999: Cannot mix Storage and Static definitions in same segment! 'S->D'


c:\users\adamsi\documents\stm8s\main.asm(24): as1 : Fatal 999: Cannot mix Storage and Static definitions in same segment! 'S->D'

No errors on assembly of 'c:\users\adamsi\documents\stm8s\mapping.asm'
No errors on assembly of 'c:\users\adamsi\documents\stm8s\mapping.asm'

c:\users\adamsi\documents\stm8s\main.asm(24): as1 : Fatal 999: Cannot mix Storage and Static definitions in same segment! 'S->D'


c:\users\adamsi\documents\stm8s\main.asm(24): as1 : Fatal 999: Cannot mix Storage and Static definitions in same segment! 'S->D'

No errors on assembly of 'c:\users\adamsi\documents\stm8s\mapping.asm'
No errors on assembly of 'c:\users\adamsi\documents\stm8s\mapping.asm'

c:\users\adamsi\documents\stm8s\main.asm(24): as1 : Fatal 999: Cannot mix Storage and Static definitions in same segment! 'S->D'


c:\users\adamsi\documents\stm8s\main.asm(24): as1 : Fatal 999: Cannot mix Storage and Static definitions in same segment! 'S->D'

No errors on assembly of 'c:\users\adamsi\documents\stm8s\mapping.asm'
No errors on assembly of 'c:\users\adamsi\documents\stm8s\mapping.asm'

c:\users\adamsi\documents\stm8s\main.asm(24): as1 : Fatal 999: Cannot mix Storage and Static definitions in same segment! 'S->D'


c:\users\adamsi\documents\stm8s\main.asm(24): as1 : Fatal 999: Cannot mix Storage and Static definitions in same segment! 'S->D'

No errors on assembly of 'c:\users\adamsi\documents\stm8s\mapping.asm'
No errors on assembly of 'c:\users\adamsi\documents\stm8s\mapping.asm'

c:\users\adamsi\documents\stm8s\main.asm(24): as1 : Fatal 999: Cannot mix Storage and Static definitions in same segment! 'S->D'


c:\users\adamsi\documents\stm8s\main.asm(24): as1 : Fatal 999: Cannot mix Storage and Static definitions in same segment! 'S->D'

No errors on assembly of 'c:\users\adamsi\documents\stm8s\mapping.asm'
No errors on assembly of 'c:\users\adamsi\documents\stm8s\mapping.asm'
c:\users\adamsi\documents\stm8s\main.asm(58): as1 : Error 54: Can't match Addressing mode '		ld a, #napis'
c:\users\adamsi\documents\stm8s\main.asm(59): as1 : Error 54: Can't match Addressing mode '		ld x, #LEN_NAPIS'
2 errors on assembly of 'c:\users\adamsi\documents\stm8s\main.asm'
c:\users\adamsi\documents\stm8s\main.asm(58): as1 : Error 54: Can't match Addressing mode '		ld a, #napis'
c:\users\adamsi\documents\stm8s\main.asm(59): as1 : Error 54: Can't match Addressing mode '		ld x, #LEN_NAPIS'
2 errors on assembly of 'c:\users\adamsi\documents\stm8s\main.asm'
No errors on assembly of 'c:\users\adamsi\documents\stm8s\mapping.asm'
No errors on assembly of 'c:\users\adamsi\documents\stm8s\mapping.asm'
No errors on assembly of 'c:\users\adamsi\documents\stm8s\main.asm'
No errors on assembly of 'c:\users\adamsi\documents\stm8s\main.asm'
No errors on assembly of 'c:\users\adamsi\documents\stm8s\mapping.asm'
No errors on assembly of 'c:\users\adamsi\documents\stm8s\mapping.asm'
No errors on assembly of 'c:\users\adamsi\documents\stm8s\main.asm'
No errors on assembly of 'c:\users\adamsi\documents\stm8s\main.asm'
No errors on assembly of 'c:\users\adamsi\documents\stm8s\mapping.asm'
No errors on assembly of 'c:\users\adamsi\documents\stm8s\mapping.asm'
c:\users\adamsi\documents\stm8s\main.asm(21): as1 : Error 56: unrecognised opcode 'dc.b napis "Marcin to gej", 0'
1 error on assembly of 'c:\users\adamsi\documents\stm8s\main.asm'
c:\users\adamsi\documents\stm8s\main.asm(21): as1 : Error 56: unrecognised opcode 'dc.b napis "Marcin to gej", 0'
c:\users\adamsi\documents\stm8s\main.asm(22): as2 : Error 46: Illegal undefined label 'napis}'
2 errors on assembly of 'c:\users\adamsi\documents\stm8s\main.asm'
No errors on assembly of 'c:\users\adamsi\documents\stm8s\mapping.asm'
No errors on assembly of 'c:\users\adamsi\documents\stm8s\mapping.asm'
No errors on assembly of 'c:\users\adamsi\documents\stm8s\main.asm'
No errors on assembly of 'c:\users\adamsi\documents\stm8s\main.asm'
No errors on assembly of 'c:\users\adamsi\documents\stm8s\mapping.asm'
No errors on assembly of 'c:\users\adamsi\documents\stm8s\mapping.asm'
c:\users\adamsi\documents\stm8s\main.asm(58): as1 : Error 54: Can't match Addressing mode '		ld a, #napis'
c:\users\adamsi\documents\stm8s\main.asm(59): as1 : Error 54: Can't match Addressing mode '		ld x, #LEN_NAPIS'
2 errors on assembly of 'c:\users\adamsi\documents\stm8s\main.asm'
c:\users\adamsi\documents\stm8s\main.asm(58): as1 : Error 54: Can't match Addressing mode '		ld a, #napis'
c:\users\adamsi\documents\stm8s\main.asm(59): as1 : Error 54: Can't match Addressing mode '		ld x, #LEN_NAPIS'
2 errors on assembly of 'c:\users\adamsi\documents\stm8s\main.asm'
No errors on assembly of 'c:\users\adamsi\documents\stm8s\mapping.asm'
No errors on assembly of 'c:\users\adamsi\documents\stm8s\mapping.asm'
c:\users\adamsi\documents\stm8s\main.asm(58): as1 : Error 54: Can't match Addressing mode '		ld a, #napis'
c:\users\adamsi\documents\stm8s\main.asm(59): as1 : Error 54: Can't match Addressing mode '		ld x, #LEN_NAPIS'
2 errors on assembly of 'c:\users\adamsi\documents\stm8s\main.asm'
c:\users\adamsi\documents\stm8s\main.asm(58): as1 : Error 54: Can't match Addressing mode '		ld a, #napis'
c:\users\adamsi\documents\stm8s\main.asm(59): as1 : Error 54: Can't match Addressing mode '		ld x, #LEN_NAPIS'
2 errors on assembly of 'c:\users\adamsi\documents\stm8s\main.asm'
No errors on assembly of 'c:\users\adamsi\documents\stm8s\mapping.asm'
No errors on assembly of 'c:\users\adamsi\documents\stm8s\mapping.asm'

c:\users\adamsi\documents\stm8s\main.asm(30): as1 : Fatal 71: Cannot have code in segment prev containing DS.x! .. only for non-[void] segs! 'D->C'


c:\users\adamsi\documents\stm8s\main.asm(30): as1 : Fatal 71: Cannot have code in segment prev containing DS.x! .. only for non-[void] segs! 'D->C'

No errors on assembly of 'c:\users\adamsi\documents\stm8s\mapping.asm'
No errors on assembly of 'c:\users\adamsi\documents\stm8s\mapping.asm'
c:\users\adamsi\documents\stm8s\main.asm(21): as1 : Error 95: Incorrect value '.napis: ds.b "Marcin to gej", 0'

c:\users\adamsi\documents\stm8s\main.asm(30): as1 : Fatal 71: Cannot have code in segment prev containing DS.x! .. only for non-[void] segs! 'D->C'

c:\users\adamsi\documents\stm8s\main.asm(21): as1 : Error 95: Incorrect value '.napis: ds.b "Marcin to gej", 0'

c:\users\adamsi\documents\stm8s\main.asm(30): as1 : Fatal 71: Cannot have code in segment prev containing DS.x! .. only for non-[void] segs! 'D->C'

No errors on assembly of 'c:\users\adamsi\documents\stm8s\mapping.asm'
No errors on assembly of 'c:\users\adamsi\documents\stm8s\mapping.asm'
c:\users\adamsi\documents\stm8s\main.asm(58): as1 : Error 54: Can't match Addressing mode '		ld a, #napis'
c:\users\adamsi\documents\stm8s\main.asm(59): as1 : Error 54: Can't match Addressing mode '		ld x, #LEN_NAPIS'
2 errors on assembly of 'c:\users\adamsi\documents\stm8s\main.asm'
c:\users\adamsi\documents\stm8s\main.asm(58): as1 : Error 54: Can't match Addressing mode '		ld a, #napis'
c:\users\adamsi\documents\stm8s\main.asm(59): as1 : Error 54: Can't match Addressing mode '		ld x, #LEN_NAPIS'
2 errors on assembly of 'c:\users\adamsi\documents\stm8s\main.asm'
No errors on assembly of 'c:\users\adamsi\documents\stm8s\mapping.asm'
No errors on assembly of 'c:\users\adamsi\documents\stm8s\mapping.asm'
c:\users\adamsi\documents\stm8s\main.asm(56): as1 : Error 54: Can't match Addressing mode '		ld a, #napis'
c:\users\adamsi\documents\stm8s\main.asm(57): as1 : Error 54: Can't match Addressing mode '		ld x, #LEN_NAPIS'
c:\users\adamsi\documents\stm8s\main.asm(81): as1 : Error 56: unrecognised opcode 'segment 'ram1''
3 errors on assembly of 'c:\users\adamsi\documents\stm8s\main.asm'
c:\users\adamsi\documents\stm8s\main.asm(56): as1 : Error 54: Can't match Addressing mode '		ld a, #napis'
c:\users\adamsi\documents\stm8s\main.asm(57): as1 : Error 54: Can't match Addressing mode '		ld x, #LEN_NAPIS'
c:\users\adamsi\documents\stm8s\main.asm(81): as1 : Error 56: unrecognised opcode 'segment 'ram1''
3 errors on assembly of 'c:\users\adamsi\documents\stm8s\main.asm'
No errors on assembly of 'c:\users\adamsi\documents\stm8s\mapping.asm'
No errors on assembly of 'c:\users\adamsi\documents\stm8s\mapping.asm'
c:\users\adamsi\documents\stm8s\main.asm(56): as1 : Error 54: Can't match Addressing mode '		ld a, #napis'
c:\users\adamsi\documents\stm8s\main.asm(57): as1 : Error 54: Can't match Addressing mode '		ld x, #LEN_NAPIS'
c:\users\adamsi\documents\stm8s\main.asm(81): as1 : Error 56: unrecognised opcode 'segment 'ram0''
3 errors on assembly of 'c:\users\adamsi\documents\stm8s\main.asm'
c:\users\adamsi\documents\stm8s\main.asm(56): as1 : Error 54: Can't match Addressing mode '		ld a, #napis'
c:\users\adamsi\documents\stm8s\main.asm(57): as1 : Error 54: Can't match Addressing mode '		ld x, #LEN_NAPIS'
c:\users\adamsi\documents\stm8s\main.asm(81): as1 : Error 56: unrecognised opcode 'segment 'ram0''
3 errors on assembly of 'c:\users\adamsi\documents\stm8s\main.asm'
No errors on assembly of 'c:\users\adamsi\documents\stm8s\mapping.asm'
No errors on assembly of 'c:\users\adamsi\documents\stm8s\mapping.asm'
c:\users\adamsi\documents\stm8s\main.asm(56): as1 : Error 54: Can't match Addressing mode '		ld a, #napis'
c:\users\adamsi\documents\stm8s\main.asm(57): as1 : Error 54: Can't match Addressing mode '		ld x, #LEN_NAPIS'
2 errors on assembly of 'c:\users\adamsi\documents\stm8s\main.asm'
c:\users\adamsi\documents\stm8s\main.asm(56): as1 : Error 54: Can't match Addressing mode '		ld a, #napis'
c:\users\adamsi\documents\stm8s\main.asm(57): as1 : Error 54: Can't match Addressing mode '		ld x, #LEN_NAPIS'
2 errors on assembly of 'c:\users\adamsi\documents\stm8s\main.asm'
No errors on assembly of 'c:\users\adamsi\documents\stm8s\mapping.asm'
No errors on assembly of 'c:\users\adamsi\documents\stm8s\mapping.asm'
c:\users\adamsi\documents\stm8s\main.asm(56): as1 : Error 54: Can't match Addressing mode '		ld a, #napis'
c:\users\adamsi\documents\stm8s\main.asm(57): as1 : Error 54: Can't match Addressing mode '		ld x, #LEN_NAPIS'
2 errors on assembly of 'c:\users\adamsi\documents\stm8s\main.asm'
c:\users\adamsi\documents\stm8s\main.asm(56): as1 : Error 54: Can't match Addressing mode '		ld a, #napis'
c:\users\adamsi\documents\stm8s\main.asm(57): as1 : Error 54: Can't match Addressing mode '		ld x, #LEN_NAPIS'
2 errors on assembly of 'c:\users\adamsi\documents\stm8s\main.asm'
No errors on assembly of 'c:\users\adamsi\documents\stm8s\mapping.asm'
No errors on assembly of 'c:\users\adamsi\documents\stm8s\mapping.asm'
c:\users\adamsi\documents\stm8s\main.asm(57): as1 : Error 54: Can't match Addressing mode '		ld x, #LEN_NAPIS'
1 error on assembly of 'c:\users\adamsi\documents\stm8s\main.asm'
c:\users\adamsi\documents\stm8s\main.asm(57): as1 : Error 54: Can't match Addressing mode '		ld x, #LEN_NAPIS'
1 error on assembly of 'c:\users\adamsi\documents\stm8s\main.asm'
No errors on assembly of 'c:\users\adamsi\documents\stm8s\mapping.asm'
No errors on assembly of 'c:\users\adamsi\documents\stm8s\mapping.asm'
c:\users\adamsi\documents\stm8s\main.asm(57): as1 : Error 54: Can't match Addressing mode '		ld x, #LEN_NAPIS'
1 error on assembly of 'c:\users\adamsi\documents\stm8s\main.asm'
c:\users\adamsi\documents\stm8s\main.asm(57): as1 : Error 54: Can't match Addressing mode '		ld x, #LEN_NAPIS'
1 error on assembly of 'c:\users\adamsi\documents\stm8s\main.asm'
No errors on assembly of 'c:\users\adamsi\documents\stm8s\mapping.asm'
No errors on assembly of 'c:\users\adamsi\documents\stm8s\mapping.asm'
c:\users\adamsi\documents\stm8s\main.asm(57): as1 : Error 54: Can't match Addressing mode '		ld x, #napis'
1 error on assembly of 'c:\users\adamsi\documents\stm8s\main.asm'
c:\users\adamsi\documents\stm8s\main.asm(57): as1 : Error 54: Can't match Addressing mode '		ld x, #napis'
1 error on assembly of 'c:\users\adamsi\documents\stm8s\main.asm'
No errors on assembly of 'c:\users\adamsi\documents\stm8s\mapping.asm'
No errors on assembly of 'c:\users\adamsi\documents\stm8s\mapping.asm'
c:\users\adamsi\documents\stm8s\main.asm(57): as1 : Error 54: Can't match Addressing mode '		ld x, napis'
1 error on assembly of 'c:\users\adamsi\documents\stm8s\main.asm'
c:\users\adamsi\documents\stm8s\main.asm(57): as1 : Error 54: Can't match Addressing mode '		ld x, napis'
1 error on assembly of 'c:\users\adamsi\documents\stm8s\main.asm'
No errors on assembly of 'c:\users\adamsi\documents\stm8s\mapping.asm'
No errors on assembly of 'c:\users\adamsi\documents\stm8s\mapping.asm'
c:\users\adamsi\documents\stm8s\main.asm(57): as1 : Error 54: Can't match Addressing mode '		ld x, napis'
1 error on assembly of 'c:\users\adamsi\documents\stm8s\main.asm'
c:\users\adamsi\documents\stm8s\main.asm(57): as1 : Error 54: Can't match Addressing mode '		ld x, napis'
1 error on assembly of 'c:\users\adamsi\documents\stm8s\main.asm'
No errors on assembly of 'c:\users\adamsi\documents\stm8s\mapping.asm'
No errors on assembly of 'c:\users\adamsi\documents\stm8s\mapping.asm'
c:\users\adamsi\documents\stm8s\main.asm(57): as1 : Error 54: Can't match Addressing mode '		ld x, #napis'
1 error on assembly of 'c:\users\adamsi\documents\stm8s\main.asm'
c:\users\adamsi\documents\stm8s\main.asm(57): as1 : Error 54: Can't match Addressing mode '		ld x, #napis'
1 error on assembly of 'c:\users\adamsi\documents\stm8s\main.asm'
No errors on assembly of 'c:\users\adamsi\documents\stm8s\mapping.asm'
No errors on assembly of 'c:\users\adamsi\documents\stm8s\mapping.asm'
c:\users\adamsi\documents\stm8s\main.asm(57): as1 : Error 54: Can't match Addressing mode '		ld x, #napis'
1 error on assembly of 'c:\users\adamsi\documents\stm8s\main.asm'
c:\users\adamsi\documents\stm8s\main.asm(57): as1 : Error 54: Can't match Addressing mode '		ld x, #napis'
1 error on assembly of 'c:\users\adamsi\documents\stm8s\main.asm'
No errors on assembly of 'c:\users\adamsi\documents\stm8s\mapping.asm'
No errors on assembly of 'c:\users\adamsi\documents\stm8s\mapping.asm'
c:\users\adamsi\documents\stm8s\main.asm(57): as1 : Error 54: Can't match Addressing mode '		ld x, #napis'
1 error on assembly of 'c:\users\adamsi\documents\stm8s\main.asm'
c:\users\adamsi\documents\stm8s\main.asm(57): as1 : Error 54: Can't match Addressing mode '		ld x, #napis'
1 error on assembly of 'c:\users\adamsi\documents\stm8s\main.asm'
No errors on assembly of 'c:\users\adamsi\documents\stm8s\mapping.asm'
No errors on assembly of 'c:\users\adamsi\documents\stm8s\mapping.asm'
c:\users\adamsi\documents\stm8s\main.asm(57): as1 : Error 54: Can't match Addressing mode '		ld x, #napis'
1 error on assembly of 'c:\users\adamsi\documents\stm8s\main.asm'
c:\users\adamsi\documents\stm8s\main.asm(57): as1 : Error 54: Can't match Addressing mode '		ld x, #napis'
1 error on assembly of 'c:\users\adamsi\documents\stm8s\main.asm'
No errors on assembly of 'c:\users\adamsi\documents\stm8s\mapping.asm'
No errors on assembly of 'c:\users\adamsi\documents\stm8s\mapping.asm'
c:\users\adamsi\documents\stm8s\main.asm(57): as1 : Error 54: Can't match Addressing mode '		mov x, #napis'
1 error on assembly of 'c:\users\adamsi\documents\stm8s\main.asm'
c:\users\adamsi\documents\stm8s\main.asm(57): as1 : Error 54: Can't match Addressing mode '		mov x, #napis'
1 error on assembly of 'c:\users\adamsi\documents\stm8s\main.asm'
No errors on assembly of 'c:\users\adamsi\documents\stm8s\mapping.asm'
No errors on assembly of 'c:\users\adamsi\documents\stm8s\mapping.asm'
c:\users\adamsi\documents\stm8s\main.asm(57): as1 : Error 54: Can't match Addressing mode '		mov x, #LEN_NAPIS'
1 error on assembly of 'c:\users\adamsi\documents\stm8s\main.asm'
c:\users\adamsi\documents\stm8s\main.asm(57): as1 : Error 54: Can't match Addressing mode '		mov x, #LEN_NAPIS'
1 error on assembly of 'c:\users\adamsi\documents\stm8s\main.asm'
c:\users\adamsi\documents\stm8s\main.asm(57): as1 : Error 54: Can't match Addressing mode '		mov x, #LEN_NAPIS'
1 error on assembly of 'c:\users\adamsi\documents\stm8s\main.asm'
c:\users\adamsi\documents\stm8s\main.asm(57): as1 : Error 54: Can't match Addressing mode '		mov x, #LEN_NAPIS'
1 error on assembly of 'c:\users\adamsi\documents\stm8s\main.asm'
No errors on assembly of 'c:\users\adamsi\documents\stm8s\mapping.asm'
No errors on assembly of 'c:\users\adamsi\documents\stm8s\mapping.asm'
c:\users\adamsi\documents\stm8s\main.asm(57): as1 : Error 54: Can't match Addressing mode '		ld x, #LEN_NAPIS'
1 error on assembly of 'c:\users\adamsi\documents\stm8s\main.asm'
c:\users\adamsi\documents\stm8s\main.asm(57): as1 : Error 54: Can't match Addressing mode '		ld x, #LEN_NAPIS'
1 error on assembly of 'c:\users\adamsi\documents\stm8s\main.asm'
No errors on assembly of 'c:\users\adamsi\documents\stm8s\mapping.asm'
No errors on assembly of 'c:\users\adamsi\documents\stm8s\mapping.asm'
c:\users\adamsi\documents\stm8s\main.asm(57): as1 : Error 54: Can't match Addressing mode '		ldf x, #LEN_NAPIS'
1 error on assembly of 'c:\users\adamsi\documents\stm8s\main.asm'
c:\users\adamsi\documents\stm8s\main.asm(57): as1 : Error 54: Can't match Addressing mode '		ldf x, #LEN_NAPIS'
1 error on assembly of 'c:\users\adamsi\documents\stm8s\main.asm'
No errors on assembly of 'c:\users\adamsi\documents\stm8s\mapping.asm'
No errors on assembly of 'c:\users\adamsi\documents\stm8s\mapping.asm'
c:\users\adamsi\documents\stm8s\main.asm(57): as1 : Error 54: Can't match Addressing mode '		ldf x, #napis'
1 error on assembly of 'c:\users\adamsi\documents\stm8s\main.asm'
c:\users\adamsi\documents\stm8s\main.asm(57): as1 : Error 54: Can't match Addressing mode '		ldf x, #napis'
1 error on assembly of 'c:\users\adamsi\documents\stm8s\main.asm'
No errors on assembly of 'c:\users\adamsi\documents\stm8s\mapping.asm'
No errors on assembly of 'c:\users\adamsi\documents\stm8s\mapping.asm'
No errors on assembly of 'c:\users\adamsi\documents\stm8s\main.asm'
No errors on assembly of 'c:\users\adamsi\documents\stm8s\main.asm'
No errors on assembly of 'c:\users\adamsi\documents\stm8s\mapping.asm'
No errors on assembly of 'c:\users\adamsi\documents\stm8s\mapping.asm'
No errors on assembly of 'c:\users\adamsi\documents\stm8s\main.asm'
No errors on assembly of 'c:\users\adamsi\documents\stm8s\main.asm'
No errors on assembly of 'c:\users\adamsi\documents\stm8s\mapping.asm'
No errors on assembly of 'c:\users\adamsi\documents\stm8s\mapping.asm'
No errors on assembly of 'c:\users\adamsi\documents\stm8s\main.asm'
No errors on assembly of 'c:\users\adamsi\documents\stm8s\main.asm'
No errors on assembly of 'c:\users\adamsi\documents\stm8s\mapping.asm'
No errors on assembly of 'c:\users\adamsi\documents\stm8s\mapping.asm'
No errors on assembly of 'c:\users\adamsi\documents\stm8s\main.asm'
No errors on assembly of 'c:\users\adamsi\documents\stm8s\main.asm'
No errors on assembly of 'c:\users\adamsi\documents\stm8s\mapping.asm'
No errors on assembly of 'c:\users\adamsi\documents\stm8s\mapping.asm'
No errors on assembly of 'c:\users\adamsi\documents\stm8s\main.asm'
No errors on assembly of 'c:\users\adamsi\documents\stm8s\main.asm'
No errors on assembly of 'c:\users\adamsi\documents\stm8s\mapping.asm'
No errors on assembly of 'c:\users\adamsi\documents\stm8s\mapping.asm'
No errors on assembly of 'c:\users\adamsi\documents\stm8s\main.asm'
No errors on assembly of 'c:\users\adamsi\documents\stm8s\main.asm'
No errors on assembly of 'c:\users\adamsi\documents\stm8s\mapping.asm'
No errors on assembly of 'c:\users\adamsi\documents\stm8s\mapping.asm'
No errors on assembly of 'c:\users\adamsi\documents\stm8s\main.asm'
No errors on assembly of 'c:\users\adamsi\documents\stm8s\main.asm'
c:\users\adamsi\documents\stm8s\main.asm(61): as1 : Error 54: Can't match Addressing mode '		inc Y'
1 error on assembly of 'c:\users\adamsi\documents\stm8s\main.asm'
c:\users\adamsi\documents\stm8s\main.asm(61): as1 : Error 54: Can't match Addressing mode '		inc Y'
1 error on assembly of 'c:\users\adamsi\documents\stm8s\main.asm'
c:\users\adamsi\documents\stm8s\main.asm(61): as1 : Error 54: Can't match Addressing mode '		inc Y'
1 error on assembly of 'c:\users\adamsi\documents\stm8s\main.asm'
No errors on assembly of 'c:\users\adamsi\documents\stm8s\mapping.asm'
No errors on assembly of 'c:\users\adamsi\documents\stm8s\mapping.asm'
No errors on assembly of 'c:\users\adamsi\documents\stm8s\main.asm'
No errors on assembly of 'c:\users\adamsi\documents\stm8s\main.asm'
No errors on assembly of 'c:\users\adamsi\documents\stm8s\mapping.asm'
No errors on assembly of 'c:\users\adamsi\documents\stm8s\mapping.asm'
c:\users\adamsi\documents\stm8s\main.asm(61): as1 : Error 54: Can't match Addressing mode '		ldf'
1 error on assembly of 'c:\users\adamsi\documents\stm8s\main.asm'
c:\users\adamsi\documents\stm8s\main.asm(61): as1 : Error 54: Can't match Addressing mode '		ldf'
1 error on assembly of 'c:\users\adamsi\documents\stm8s\main.asm'
No errors on assembly of 'c:\users\adamsi\documents\stm8s\mapping.asm'
No errors on assembly of 'c:\users\adamsi\documents\stm8s\mapping.asm'
No errors on assembly of 'c:\users\adamsi\documents\stm8s\main.asm'
No errors on assembly of 'c:\users\adamsi\documents\stm8s\main.asm'
No errors on assembly of 'c:\users\adamsi\documents\stm8s\mapping.asm'
No errors on assembly of 'c:\users\adamsi\documents\stm8s\mapping.asm'
c:\users\adamsi\documents\stm8s\main.asm(62): as1 : Error 54: Can't match Addressing mode '		mov UART2_DR, Y'
1 error on assembly of 'c:\users\adamsi\documents\stm8s\main.asm'
c:\users\adamsi\documents\stm8s\main.asm(62): as1 : Error 54: Can't match Addressing mode '		mov UART2_DR, Y'
1 error on assembly of 'c:\users\adamsi\documents\stm8s\main.asm'
No errors on assembly of 'c:\users\adamsi\documents\stm8s\mapping.asm'
No errors on assembly of 'c:\users\adamsi\documents\stm8s\mapping.asm'
c:\users\adamsi\documents\stm8s\main.asm(62): as1 : Error 54: Can't match Addressing mode '		mov UART2_DR, a'
1 error on assembly of 'c:\users\adamsi\documents\stm8s\main.asm'
c:\users\adamsi\documents\stm8s\main.asm(62): as1 : Error 54: Can't match Addressing mode '		mov UART2_DR, a'
1 error on assembly of 'c:\users\adamsi\documents\stm8s\main.asm'
No errors on assembly of 'c:\users\adamsi\documents\stm8s\mapping.asm'
No errors on assembly of 'c:\users\adamsi\documents\stm8s\mapping.asm'
c:\users\adamsi\documents\stm8s\main.asm(62): as1 : Error 54: Can't match Addressing mode '		mov UART2_DR, #a'
1 error on assembly of 'c:\users\adamsi\documents\stm8s\main.asm'
c:\users\adamsi\documents\stm8s\main.asm(62): as1 : Error 54: Can't match Addressing mode '		mov UART2_DR, #a'
1 error on assembly of 'c:\users\adamsi\documents\stm8s\main.asm'
No errors on assembly of 'c:\users\adamsi\documents\stm8s\mapping.asm'
No errors on assembly of 'c:\users\adamsi\documents\stm8s\mapping.asm'
c:\users\adamsi\documents\stm8s\main.asm(62): as1 : Error 54: Can't match Addressing mode '		mov UART2_DR, y'
1 error on assembly of 'c:\users\adamsi\documents\stm8s\main.asm'
c:\users\adamsi\documents\stm8s\main.asm(62): as1 : Error 54: Can't match Addressing mode '		mov UART2_DR, y'
1 error on assembly of 'c:\users\adamsi\documents\stm8s\main.asm'
No errors on assembly of 'c:\users\adamsi\documents\stm8s\mapping.asm'
No errors on assembly of 'c:\users\adamsi\documents\stm8s\mapping.asm'
c:\users\adamsi\documents\stm8s\main.asm(62): as1 : Error 54: Can't match Addressing mode '		mov UART2_DR, a'
1 error on assembly of 'c:\users\adamsi\documents\stm8s\main.asm'
c:\users\adamsi\documents\stm8s\main.asm(62): as1 : Error 54: Can't match Addressing mode '		mov UART2_DR, a'
1 error on assembly of 'c:\users\adamsi\documents\stm8s\main.asm'
No errors on assembly of 'c:\users\adamsi\documents\stm8s\mapping.asm'
No errors on assembly of 'c:\users\adamsi\documents\stm8s\mapping.asm'
No errors on assembly of 'c:\users\adamsi\documents\stm8s\main.asm'
No errors on assembly of 'c:\users\adamsi\documents\stm8s\main.asm'
No errors on assembly of 'c:\users\adamsi\documents\stm8s\mapping.asm'
No errors on assembly of 'c:\users\adamsi\documents\stm8s\mapping.asm'
c:\users\adamsi\documents\stm8s\main.asm(62): as1 : Error 56: unrecognised opcode '		mov.b UART2_DR, #$22'
1 error on assembly of 'c:\users\adamsi\documents\stm8s\main.asm'
c:\users\adamsi\documents\stm8s\main.asm(62): as1 : Error 56: unrecognised opcode '		mov.b UART2_DR, #$22'
1 error on assembly of 'c:\users\adamsi\documents\stm8s\main.asm'
No errors on assembly of 'c:\users\adamsi\documents\stm8s\mapping.asm'
No errors on assembly of 'c:\users\adamsi\documents\stm8s\mapping.asm'
No errors on assembly of 'c:\users\adamsi\documents\stm8s\main.asm'
No errors on assembly of 'c:\users\adamsi\documents\stm8s\main.asm'
No errors on assembly of 'c:\users\adamsi\documents\stm8s\mapping.asm'
No errors on assembly of 'c:\users\adamsi\documents\stm8s\mapping.asm'
No errors on assembly of 'c:\users\adamsi\documents\stm8s\main.asm'
No errors on assembly of 'c:\users\adamsi\documents\stm8s\main.asm'
No errors on assembly of 'c:\users\adamsi\documents\stm8s\mapping.asm'
No errors on assembly of 'c:\users\adamsi\documents\stm8s\mapping.asm'
No errors on assembly of 'c:\users\adamsi\documents\stm8s\main.asm'
No errors on assembly of 'c:\users\adamsi\documents\stm8s\main.asm'
No errors on assembly of 'c:\users\adamsi\documents\stm8s\mapping.asm'
No errors on assembly of 'c:\users\adamsi\documents\stm8s\mapping.asm'
No errors on assembly of 'c:\users\adamsi\documents\stm8s\main.asm'
No errors on assembly of 'c:\users\adamsi\documents\stm8s\main.asm'
No errors on assembly of 'c:\users\adamsi\documents\stm8s\mapping.asm'
No errors on assembly of 'c:\users\adamsi\documents\stm8s\mapping.asm'
No errors on assembly of 'c:\users\adamsi\documents\stm8s\main.asm'
No errors on assembly of 'c:\users\adamsi\documents\stm8s\main.asm'
No errors on assembly of 'c:\users\adamsi\documents\stm8s\main.asm'
No errors on assembly of 'c:\users\adamsi\documents\stm8s\main.asm'
No errors on assembly of 'c:\users\adamsi\documents\stm8s\main.asm'
No errors on assembly of 'c:\users\adamsi\documents\stm8s\mapping.asm'
No errors on assembly of 'c:\users\adamsi\documents\stm8s\mapping.asm'
No errors on assembly of 'c:\users\adamsi\documents\stm8s\main.asm'
No errors on assembly of 'c:\users\adamsi\documents\stm8s\main.asm'
No errors on assembly of 'c:\users\adamsi\documents\stm8s\main.asm'
No errors on assembly of 'c:\users\adamsi\documents\stm8s\main.asm'
No errors on assembly of 'c:\users\adamsi\documents\stm8s\main.asm'
No errors on assembly of 'c:\users\adamsi\documents\stm8s\mapping.asm'
No errors on assembly of 'c:\users\adamsi\documents\stm8s\mapping.asm'
No errors on assembly of 'c:\users\adamsi\documents\stm8s\main.asm'
No errors on assembly of 'c:\users\adamsi\documents\stm8s\main.asm'
No errors on assembly of 'c:\users\adamsi\documents\stm8s\mapping.asm'
No errors on assembly of 'c:\users\adamsi\documents\stm8s\mapping.asm'
No errors on assembly of 'c:\users\adamsi\documents\stm8s\main.asm'
No errors on assembly of 'c:\users\adamsi\documents\stm8s\main.asm'
No errors on assembly of 'c:\users\adamsi\documents\stm8s\mapping.asm'
No errors on assembly of 'c:\users\adamsi\documents\stm8s\mapping.asm'
No errors on assembly of 'c:\users\adamsi\documents\stm8s\main.asm'
No errors on assembly of 'c:\users\adamsi\documents\stm8s\main.asm'
No errors on assembly of 'c:\users\adamsi\documents\stm8s\mapping.asm'
No errors on assembly of 'c:\users\adamsi\documents\stm8s\mapping.asm'
No errors on assembly of 'c:\users\adamsi\documents\stm8s\main.asm'
No errors on assembly of 'c:\users\adamsi\documents\stm8s\main.asm'
No errors on assembly of 'c:\users\adamsi\documents\stm8s\mapping.asm'
No errors on assembly of 'c:\users\adamsi\documents\stm8s\mapping.asm'
No errors on assembly of 'c:\users\adamsi\documents\stm8s\main.asm'
No errors on assembly of 'c:\users\adamsi\documents\stm8s\main.asm'
No errors on assembly of 'c:\users\adamsi\documents\stm8s\mapping.asm'
No errors on assembly of 'c:\users\adamsi\documents\stm8s\mapping.asm'
No errors on assembly of 'c:\users\adamsi\documents\stm8s\main.asm'
No errors on assembly of 'c:\users\adamsi\documents\stm8s\main.asm'
